<?xml version="1.0" encoding="UTF-8"?>
<!-- Generated by org.testng.reporters.JUnitReportReporter -->
<testsuite hostname="LAPTOP-QNKEP47S" failures="0" tests="1" name="practice.Toolkits" time="9.334" errors="0" timestamp="2021-10-12T10:51:50 IST" skipped="0">
  <testcase classname="practice.Toolkits" name="test10" time="9.334"/>
  <system-out/>
</testsuite> <!-- practice.Toolkits -->
